[2022-09-26T00:24:35.960783760Z][docker][I] time="2022-09-26T00:24:35Z" level=error msg="injecting event Timestamp:1664151875936324000  On:File  Action:ChangeContents  Path:\"\"  Path:\"Users\"  Path:\"<USER>\"  Path:\"projects\"  Path:\"homework\"  Path:\"rails\"  Path:\"itoshigo\"  Path:\".git\"  Path:\"config.lock\"  InjectFilesystemEvent:true  InvalidateCache:true: no such file or directory"
[2022-09-26T00:24:35.962789635Z][docker][I] time="2022-09-26T00:24:35Z" level=info msg="injected CREATE event (ts: 1664151875936327000) on /host_mnt<HOME>/projects/homework/rails/itoshigo/.git/config\n"
[2022-09-26T00:24:35.967438551Z][docker][I] time="2022-09-26T00:24:35Z" level=info msg="injected MODIFY event (ts: 1664151875936333000) on /host_mnt<HOME>/projects/homework/rails/itoshigo/.git/config\n"
[2022-09-26T00:24:35.969004635Z][docker][I] time="2022-09-26T00:24:35Z" level=info msg="injected CREATE event (ts: 1664151875936337000) on /host_mnt<HOME>/projects/homework/rails/itoshigo/.git/config\n"
[2022-09-26T00:24:35.969006385Z][docker][I] time="2022-09-26T00:24:35Z" level=info msg="injected MODIFY event (ts: 1664151875936344000) on /host_mnt<HOME>/projects/homework/rails/itoshigo/.git/config\n"
[2022-09-26T00:24:36.296038427Z][docker][I] time="2022-09-26T00:24:36Z" level=info msg="injected CREATE event (ts: 1664151876291491000) on /host_mnt<HOME>/projects/homework/rails/itoshigo/.git/objects/pack/pack-3ce295cbb96aaa2921eb13d7d29c4608306e2210.keep\n"
[2022-09-26T00:24:36.301177802Z][docker][I] time="2022-09-26T00:24:36Z" level=info msg="injected MODIFY event (ts: 1664151876291507000) on /host_mnt<HOME>/projects/homework/rails/itoshigo/.git/objects/pack/pack-3ce295cbb96aaa2921eb13d7d29c4608306e2210.keep\n"
[2022-09-26T00:24:36.304003885Z][docker][I] time="2022-09-26T00:24:36Z" level=info msg="injected CREATE event (ts: 1664151876291511000) on /host_mnt<HOME>/projects/homework/rails/itoshigo/.git/objects/pack/pack-3ce295cbb96aaa2921eb13d7d29c4608306e2210.pack\n"
[2022-09-26T00:24:36.305942218Z][docker][I] time="2022-09-26T00:24:36Z" level=info msg="injected ATTRIB event (ts: 1664151876291529000) on /host_mnt<HOME>/projects/homework/rails/itoshigo/.git/objects/pack\n"
[2022-09-26T00:24:36.305948427Z][docker][I] time="2022-09-26T00:24:36Z" level=info msg="injected ATTRIB event (ts: 1664151876291534000) on /host_mnt<HOME>/projects/homework/rails/itoshigo/.git/objects/pack\n"
[2022-09-26T00:24:36.308012468Z][docker][I] time="2022-09-26T00:24:36Z" level=error msg="injecting event Timestamp:1664151876291537000  On:File  Action:Created  Path:\"\"  Path:\"Users\"  Path:\"<USER>\"  Path:\"projects\"  Path:\"homework\"  Path:\"rails\"  Path:\"itoshigo\"  Path:\".git\"  Path:\"objects\"  Path:\"pack\"  Path:\"tmp_pack_Bh1dwt\"  InjectFilesystemEvent:true  InvalidateCache:true: no such file or directory"
[2022-09-26T00:24:36.311123427Z][docker][I] time="2022-09-26T00:24:36Z" level=error msg="injecting event Timestamp:1664151876291541000  On:File  Action:Removed  Path:\"\"  Path:\"Users\"  Path:\"<USER>\"  Path:\"projects\"  Path:\"homework\"  Path:\"rails\"  Path:\"itoshigo\"  Path:\".git\"  Path:\"objects\"  Path:\"pack\"  Path:\"tmp_pack_Bh1dwt\"  InjectFilesystemEvent:true  InvalidateCache:true: no such file or directory"
[2022-09-26T00:24:36.314932635Z][docker][I] time="2022-09-26T00:24:36Z" level=info msg="injected CREATE event (ts: 1664151876291543000) on /host_mnt<HOME>/projects/homework/rails/itoshigo/.git/objects/pack/pack-3ce295cbb96aaa2921eb13d7d29c4608306e2210.idx\n"
[2022-09-26T00:24:36.316428343Z][docker][I] time="2022-09-26T00:24:36Z" level=error msg="injecting event Timestamp:1664151876291556000  On:File  Action:Created  Path:\"\"  Path:\"Users\"  Path:\"<USER>\"  Path:\"projects\"  Path:\"homework\"  Path:\"rails\"  Path:\"itoshigo\"  Path:\".git\"  Path:\"objects\"  Path:\"pack\"  Path:\"tmp_idx_1ylzOt\"  InjectFilesystemEvent:true  InvalidateCache:true: no such file or directory"
[2022-09-26T00:24:36.318500260Z][docker][I] time="2022-09-26T00:24:36Z" level=error msg="injecting event Timestamp:1664151876291558000  On:File  Action:Removed  Path:\"\"  Path:\"Users\"  Path:\"<USER>\"  Path:\"projects\"  Path:\"homework\"  Path:\"rails\"  Path:\"itoshigo\"  Path:\".git\"  Path:\"objects\"  Path:\"pack\"  Path:\"tmp_idx_1ylzOt\"  InjectFilesystemEvent:true  InvalidateCache:true: no such file or directory"
[2022-09-26T00:24:36.496701885Z][docker][I] time="2022-09-26T00:24:36Z" level=error msg="injecting event Timestamp:1664151876493111000  On:File  Action:Created  Path:\"\"  Path:\"Users\"  Path:\"<USER>\"  Path:\"projects\"  Path:\"homework\"  Path:\"rails\"  Path:\"itoshigo\"  Path:\".git\"  Path:\"packed-refs.new\"  InjectFilesystemEvent:true  InvalidateCache:true: no such file or directory"
[2022-09-26T00:24:36.507329385Z][docker][I] time="2022-09-26T00:24:36Z" level=error msg="injecting event Timestamp:1664151876503954000  On:File  Action:Removed  Path:\"\"  Path:\"Users\"  Path:\"<USER>\"  Path:\"projects\"  Path:\"homework\"  Path:\"rails\"  Path:\"itoshigo\"  Path:\".git\"  Path:\"packed-refs.new\"  InjectFilesystemEvent:true  InvalidateCache:true: no such file or directory"
[2022-09-26T00:24:36.507704843Z][docker][I] time="2022-09-26T00:24:36Z" level=error msg="injecting event Timestamp:1664151876503960000  On:File  Action:ChangeContents  Path:\"\"  Path:\"Users\"  Path:\"<USER>\"  Path:\"projects\"  Path:\"homework\"  Path:\"rails\"  Path:\"itoshigo\"  Path:\".git\"  Path:\"packed-refs.new\"  InjectFilesystemEvent:true  InvalidateCache:true: no such file or directory"
[2022-09-26T00:24:36.508979927Z][docker][I] time="2022-09-26T00:24:36Z" level=info msg="injected CREATE event (ts: 1664151876503963000) on /host_mnt<HOME>/projects/homework/rails/itoshigo/.git/packed-refs\n"
[2022-09-26T00:24:36.511759052Z][docker][I] time="2022-09-26T00:24:36Z" level=info msg="injected MODIFY event (ts: 1664151876503966000) on /host_mnt<HOME>/projects/homework/rails/itoshigo/.git/packed-refs\n"
[2022-09-26T00:24:36.512368302Z][docker][I] time="2022-09-26T00:24:36Z" level=error msg="injecting event Timestamp:1664151876503968000  On:File  Action:Created  Path:\"\"  Path:\"Users\"  Path:\"<USER>\"  Path:\"projects\"  Path:\"homework\"  Path:\"rails\"  Path:\"itoshigo\"  Path:\".git\"  Path:\"packed-refs.lock\"  InjectFilesystemEvent:true  InvalidateCache:true: no such file or directory"
[2022-09-26T00:24:36.513302593Z][docker][I] time="2022-09-26T00:24:36Z" level=error msg="injecting event Timestamp:1664151876503970000  On:File  Action:Removed  Path:\"\"  Path:\"Users\"  Path:\"<USER>\"  Path:\"projects\"  Path:\"homework\"  Path:\"rails\"  Path:\"itoshigo\"  Path:\".git\"  Path:\"packed-refs.lock\"  InjectFilesystemEvent:true  InvalidateCache:true: no such file or directory"
[2022-09-26T00:24:36.515059343Z][docker][I] time="2022-09-26T00:24:36Z" level=info msg="injected CREATE event (ts: 1664151876503972000) on /host_mnt<HOME>/projects/homework/rails/itoshigo/.git/refs/remotes\n"
[2022-09-26T00:24:36.516628593Z][docker][I] time="2022-09-26T00:24:36Z" level=info msg="injected CREATE event (ts: 1664151876503975000) on /host_mnt<HOME>/projects/homework/rails/itoshigo/.git/refs/remotes/origin\n"
[2022-09-26T00:24:36.518004635Z][docker][I] time="2022-09-26T00:24:36Z" level=info msg="injected CREATE event (ts: 1664151876503979000) on /host_mnt<HOME>/projects/homework/rails/itoshigo/.git/logs\n"
[2022-09-26T00:24:36.520355593Z][docker][I] time="2022-09-26T00:24:36Z" level=info msg="injected CREATE event (ts: 1664151876503982000) on /host_mnt<HOME>/projects/homework/rails/itoshigo/.git/logs/refs\n"
[2022-09-26T00:24:36.522241843Z][docker][I] time="2022-09-26T00:24:36Z" level=info msg="injected CREATE event (ts: 1664151876503985000) on /host_mnt<HOME>/projects/homework/rails/itoshigo/.git/logs/refs/remotes\n"
[2022-09-26T00:24:36.523918677Z][docker][I] time="2022-09-26T00:24:36Z" level=info msg="injected CREATE event (ts: 1664151876503988000) on /host_mnt<HOME>/projects/homework/rails/itoshigo/.git/logs/refs/remotes/origin\n"
[2022-09-26T00:24:36.525455343Z][docker][I] time="2022-09-26T00:24:36Z" level=info msg="injected CREATE event (ts: 1664151876503991000) on /host_mnt<HOME>/projects/homework/rails/itoshigo/.git/logs/refs/remotes/origin/HEAD\n"
[2022-09-26T00:24:36.525466593Z][docker][I] time="2022-09-26T00:24:36Z" level=info msg="injected MODIFY event (ts: 1664151876503994000) on /host_mnt<HOME>/projects/homework/rails/itoshigo/.git/logs/refs/remotes/origin/HEAD\n"
[2022-09-26T00:24:36.528271843Z][docker][I] time="2022-09-26T00:24:36Z" level=error msg="injecting event Timestamp:1664151876503996000  On:File  Action:Created  Path:\"\"  Path:\"Users\"  Path:\"<USER>\"  Path:\"projects\"  Path:\"homework\"  Path:\"rails\"  Path:\"itoshigo\"  Path:\".git\"  Path:\"refs\"  Path:\"remotes\"  Path:\"origin\"  Path:\"HEAD.lock\"  InjectFilesystemEvent:true  InvalidateCache:true: no such file or directory"
[2022-09-26T00:24:36.528279677Z][docker][I] time="2022-09-26T00:24:36Z" level=error msg="injecting event Timestamp:1664151876503998000  On:File  Action:Removed  Path:\"\"  Path:\"Users\"  Path:\"<USER>\"  Path:\"projects\"  Path:\"homework\"  Path:\"rails\"  Path:\"itoshigo\"  Path:\".git\"  Path:\"refs\"  Path:\"remotes\"  Path:\"origin\"  Path:\"HEAD.lock\"  InjectFilesystemEvent:true  InvalidateCache:true: no such file or directory"
[2022-09-26T00:24:36.530255843Z][docker][I] time="2022-09-26T00:24:36Z" level=error msg="injecting event Timestamp:1664151876503999000  On:File  Action:ChangeContents  Path:\"\"  Path:\"Users\"  Path:\"<USER>\"  Path:\"projects\"  Path:\"homework\"  Path:\"rails\"  Path:\"itoshigo\"  Path:\".git\"  Path:\"refs\"  Path:\"remotes\"  Path:\"origin\"  Path:\"HEAD.lock\"  InjectFilesystemEvent:true  InvalidateCache:true: no such file or directory"
[2022-09-26T00:24:36.531150677Z][docker][I] time="2022-09-26T00:24:36Z" level=info msg="injected CREATE event (ts: 1664151876504002000) on /host_mnt<HOME>/projects/homework/rails/itoshigo/.git/refs/remotes/origin/HEAD\n"
[2022-09-26T00:24:36.531151552Z][docker][I] time="2022-09-26T00:24:36Z" level=info msg="injected MODIFY event (ts: 1664151876504004000) on /host_mnt<HOME>/projects/homework/rails/itoshigo/.git/refs/remotes/origin/HEAD\n"
[2022-09-26T00:24:36.533191593Z][docker][I] time="2022-09-26T00:24:36Z" level=error msg="injecting event Timestamp:1664151876504006000  On:File  Action:Created  Path:\"\"  Path:\"Users\"  Path:\"<USER>\"  Path:\"projects\"  Path:\"homework\"  Path:\"rails\"  Path:\"itoshigo\"  Path:\".git\"  Path:\"HEAD.lock\"  InjectFilesystemEvent:true  InvalidateCache:true: no such file or directory"
[2022-09-26T00:24:36.534083468Z][docker][I] time="2022-09-26T00:24:36Z" level=error msg="injecting event Timestamp:1664151876504007000  On:File  Action:Removed  Path:\"\"  Path:\"Users\"  Path:\"<USER>\"  Path:\"projects\"  Path:\"homework\"  Path:\"rails\"  Path:\"itoshigo\"  Path:\".git\"  Path:\"HEAD.lock\"  InjectFilesystemEvent:true  InvalidateCache:true: no such file or directory"
[2022-09-26T00:24:36.535090593Z][docker][I] time="2022-09-26T00:24:36Z" level=error msg="injecting event Timestamp:1664151876504008000  On:File  Action:ChangeContents  Path:\"\"  Path:\"Users\"  Path:\"<USER>\"  Path:\"projects\"  Path:\"homework\"  Path:\"rails\"  Path:\"itoshigo\"  Path:\".git\"  Path:\"HEAD.lock\"  InjectFilesystemEvent:true  InvalidateCache:true: no such file or directory"
[2022-09-26T00:24:36.536348385Z][docker][I] time="2022-09-26T00:24:36Z" level=info msg="injected CREATE event (ts: 1664151876504010000) on /host_mnt<HOME>/projects/homework/rails/itoshigo/.git/HEAD\n"
[2022-09-26T00:24:36.536349593Z][docker][I] time="2022-09-26T00:24:36Z" level=info msg="injected MODIFY event (ts: 1664151876504011000) on /host_mnt<HOME>/projects/homework/rails/itoshigo/.git/HEAD\n"
[2022-09-26T00:24:36.536668218Z][docker][I] time="2022-09-26T00:24:36Z" level=info msg="injected CREATE event (ts: 1664151876504013000) on /host_mnt<HOME>/projects/homework/rails/itoshigo/.git/HEAD\n"
[2022-09-26T00:24:36.536671093Z][docker][I] time="2022-09-26T00:24:36Z" level=info msg="injected MODIFY event (ts: 1664151876504018000) on /host_mnt<HOME>/projects/homework/rails/itoshigo/.git/HEAD\n"
[2022-09-26T00:24:36.537889093Z][docker][I] time="2022-09-26T00:24:36Z" level=info msg="injected CREATE event (ts: 1664151876504020000) on /host_mnt<HOME>/projects/homework/rails/itoshigo/.git/logs/HEAD\n"
[2022-09-26T00:24:36.537891927Z][docker][I] time="2022-09-26T00:24:36Z" level=info msg="injected MODIFY event (ts: 1664151876504023000) on /host_mnt<HOME>/projects/homework/rails/itoshigo/.git/logs/HEAD\n"
[2022-09-26T00:24:36.539509427Z][docker][I] time="2022-09-26T00:24:36Z" level=info msg="injected CREATE event (ts: 1664151876504025000) on /host_mnt<HOME>/projects/homework/rails/itoshigo/.git/logs/refs/heads\n"
[2022-09-26T00:24:36.540270218Z][docker][I] time="2022-09-26T00:24:36Z" level=info msg="injected CREATE event (ts: 1664151876504028000) on /host_mnt<HOME>/projects/homework/rails/itoshigo/.git/logs/refs/heads/main\n"
[2022-09-26T00:24:36.540271260Z][docker][I] time="2022-09-26T00:24:36Z" level=info msg="injected MODIFY event (ts: 1664151876504031000) on /host_mnt<HOME>/projects/homework/rails/itoshigo/.git/logs/refs/heads/main\n"
[2022-09-26T00:24:36.541286218Z][docker][I] time="2022-09-26T00:24:36Z" level=error msg="injecting event Timestamp:1664151876504033000  On:File  Action:Created  Path:\"\"  Path:\"Users\"  Path:\"<USER>\"  Path:\"projects\"  Path:\"homework\"  Path:\"rails\"  Path:\"itoshigo\"  Path:\".git\"  Path:\"refs\"  Path:\"heads\"  Path:\"main.lock\"  InjectFilesystemEvent:true  InvalidateCache:true: no such file or directory"
[2022-09-26T00:24:36.542219968Z][docker][I] time="2022-09-26T00:24:36Z" level=error msg="injecting event Timestamp:1664151876504035000  On:File  Action:Removed  Path:\"\"  Path:\"Users\"  Path:\"<USER>\"  Path:\"projects\"  Path:\"homework\"  Path:\"rails\"  Path:\"itoshigo\"  Path:\".git\"  Path:\"refs\"  Path:\"heads\"  Path:\"main.lock\"  InjectFilesystemEvent:true  InvalidateCache:true: no such file or directory"
[2022-09-26T00:24:36.543816177Z][docker][I] time="2022-09-26T00:24:36Z" level=error msg="injecting event Timestamp:1664151876504038000  On:File  Action:ChangeContents  Path:\"\"  Path:\"Users\"  Path:\"<USER>\"  Path:\"projects\"  Path:\"homework\"  Path:\"rails\"  Path:\"itoshigo\"  Path:\".git\"  Path:\"refs\"  Path:\"heads\"  Path:\"main.lock\"  InjectFilesystemEvent:true  InvalidateCache:true: no such file or directory"
[2022-09-26T00:24:36.544169218Z][docker][I] time="2022-09-26T00:24:36Z" level=info msg="injected CREATE event (ts: 1664151876504039000) on /host_mnt<HOME>/projects/homework/rails/itoshigo/.git/refs/heads/main\n"
[2022-09-26T00:24:36.544170218Z][docker][I] time="2022-09-26T00:24:36Z" level=info msg="injected MODIFY event (ts: 1664151876504041000) on /host_mnt<HOME>/projects/homework/rails/itoshigo/.git/refs/heads/main\n"
[2022-09-26T00:24:36.545125343Z][docker][I] time="2022-09-26T00:24:36Z" level=error msg="injecting event Timestamp:1664151876504043000  On:File  Action:Created  Path:\"\"  Path:\"Users\"  Path:\"<USER>\"  Path:\"projects\"  Path:\"homework\"  Path:\"rails\"  Path:\"itoshigo\"  Path:\".git\"  Path:\"HEAD.lock\"  InjectFilesystemEvent:true  InvalidateCache:true: no such file or directory"
[2022-09-26T00:24:36.546158343Z][docker][I] time="2022-09-26T00:24:36Z" level=error msg="injecting event Timestamp:1664151876504044000  On:File  Action:Removed  Path:\"\"  Path:\"Users\"  Path:\"<USER>\"  Path:\"projects\"  Path:\"homework\"  Path:\"rails\"  Path:\"itoshigo\"  Path:\".git\"  Path:\"HEAD.lock\"  InjectFilesystemEvent:true  InvalidateCache:true: no such file or directory"
[2022-09-26T00:24:36.546731093Z][docker][I] time="2022-09-26T00:24:36Z" level=error msg="injecting event Timestamp:1664151876504046000  On:File  Action:Created  Path:\"\"  Path:\"Users\"  Path:\"<USER>\"  Path:\"projects\"  Path:\"homework\"  Path:\"rails\"  Path:\"itoshigo\"  Path:\".git\"  Path:\"config.lock\"  InjectFilesystemEvent:true  InvalidateCache:true: no such file or directory"
[2022-09-26T00:24:36.547358677Z][docker][I] time="2022-09-26T00:24:36Z" level=error msg="injecting event Timestamp:1664151876504047000  On:File  Action:Removed  Path:\"\"  Path:\"Users\"  Path:\"<USER>\"  Path:\"projects\"  Path:\"homework\"  Path:\"rails\"  Path:\"itoshigo\"  Path:\".git\"  Path:\"config.lock\"  InjectFilesystemEvent:true  InvalidateCache:true: no such file or directory"
[2022-09-26T00:24:36.548213302Z][docker][I] time="2022-09-26T00:24:36Z" level=error msg="injecting event Timestamp:1664151876504048000  On:File  Action:ChangeAttributes  Path:\"\"  Path:\"Users\"  Path:\"<USER>\"  Path:\"projects\"  Path:\"homework\"  Path:\"rails\"  Path:\"itoshigo\"  Path:\".git\"  Path:\"config.lock\"  InjectFilesystemEvent:true  InvalidateCache:true: no such file or directory"
[2022-09-26T00:24:36.549160010Z][docker][I] time="2022-09-26T00:24:36Z" level=error msg="injecting event Timestamp:1664151876504049000  On:File  Action:ChangeContents  Path:\"\"  Path:\"Users\"  Path:\"<USER>\"  Path:\"projects\"  Path:\"homework\"  Path:\"rails\"  Path:\"itoshigo\"  Path:\".git\"  Path:\"config.lock\"  InjectFilesystemEvent:true  InvalidateCache:true: no such file or directory"
[2022-09-26T00:24:36.549750718Z][docker][I] time="2022-09-26T00:24:36Z" level=info msg="injected CREATE event (ts: 1664151876504052000) on /host_mnt<HOME>/projects/homework/rails/itoshigo/.git/config\n"
[2022-09-26T00:24:36.549754593Z][docker][I] time="2022-09-26T00:24:36Z" level=info msg="injected MODIFY event (ts: 1664151876504053000) on /host_mnt<HOME>/projects/homework/rails/itoshigo/.git/config\n"
[2022-09-26T00:24:36.549754802Z][docker][I] time="2022-09-26T00:24:36Z" level=info msg="injected CREATE event (ts: 1664151876504055000) on /host_mnt<HOME>/projects/homework/rails/itoshigo/.git/config\n"
[2022-09-26T00:24:36.549757302Z][docker][I] time="2022-09-26T00:24:36Z" level=info msg="injected MODIFY event (ts: 1664151876504057000) on /host_mnt<HOME>/projects/homework/rails/itoshigo/.git/config\n"
[2022-09-26T00:24:36.550526968Z][docker][I] time="2022-09-26T00:24:36Z" level=error msg="injecting event Timestamp:1664151876504058000  On:File  Action:Created  Path:\"\"  Path:\"Users\"  Path:\"<USER>\"  Path:\"projects\"  Path:\"homework\"  Path:\"rails\"  Path:\"itoshigo\"  Path:\".git\"  Path:\"config.lock\"  InjectFilesystemEvent:true  InvalidateCache:true: no such file or directory"
[2022-09-26T00:24:36.551438385Z][docker][I] time="2022-09-26T00:24:36Z" level=error msg="injecting event Timestamp:1664151876504059000  On:File  Action:ChangeAttributes  Path:\"\"  Path:\"Users\"  Path:\"<USER>\"  Path:\"projects\"  Path:\"homework\"  Path:\"rails\"  Path:\"itoshigo\"  Path:\".git\"  Path:\"config.lock\"  InjectFilesystemEvent:true  InvalidateCache:true: no such file or directory"
[2022-09-26T00:24:36.551833510Z][docker][I] time="2022-09-26T00:24:36Z" level=error msg="injecting event Timestamp:1664151876504061000  On:File  Action:ChangeContents  Path:\"\"  Path:\"Users\"  Path:\"<USER>\"  Path:\"projects\"  Path:\"homework\"  Path:\"rails\"  Path:\"itoshigo\"  Path:\".git\"  Path:\"config.lock\"  InjectFilesystemEvent:true  InvalidateCache:true: no such file or directory"
[2022-09-26T00:24:36.553923635Z][docker][I] time="2022-09-26T00:24:36Z" level=error msg="injecting event Timestamp:1664151876520809000  On:File  Action:Removed  Path:\"\"  Path:\"Users\"  Path:\"<USER>\"  Path:\"projects\"  Path:\"homework\"  Path:\"rails\"  Path:\"itoshigo\"  Path:\".git\"  Path:\"config.lock\"  InjectFilesystemEvent:true  InvalidateCache:true: no such file or directory"
[2022-09-26T00:24:36.554450093Z][docker][I] time="2022-09-26T00:24:36Z" level=error msg="injecting event Timestamp:1664151876520814000  On:File  Action:ChangeAttributes  Path:\"\"  Path:\"Users\"  Path:\"<USER>\"  Path:\"projects\"  Path:\"homework\"  Path:\"rails\"  Path:\"itoshigo\"  Path:\".git\"  Path:\"config.lock\"  InjectFilesystemEvent:true  InvalidateCache:true: no such file or directory"
[2022-09-26T00:24:36.555234093Z][docker][I] time="2022-09-26T00:24:36Z" level=error msg="injecting event Timestamp:1664151876520816000  On:File  Action:ChangeContents  Path:\"\"  Path:\"Users\"  Path:\"<USER>\"  Path:\"projects\"  Path:\"homework\"  Path:\"rails\"  Path:\"itoshigo\"  Path:\".git\"  Path:\"config.lock\"  InjectFilesystemEvent:true  InvalidateCache:true: no such file or directory"
[2022-09-26T00:24:36.555241177Z][docker][I] time="2022-09-26T00:24:36Z" level=info msg="injected CREATE event (ts: 1664151876520818000) on /host_mnt<HOME>/projects/homework/rails/itoshigo/.git/config\n"
[2022-09-26T00:24:36.555249302Z][docker][I] time="2022-09-26T00:24:36Z" level=info msg="injected MODIFY event (ts: 1664151876520824000) on /host_mnt<HOME>/projects/homework/rails/itoshigo/.git/config\n"
[2022-09-26T00:24:36.555249468Z][docker][I] time="2022-09-26T00:24:36Z" level=info msg="injected CREATE event (ts: 1664151876520827000) on /host_mnt<HOME>/projects/homework/rails/itoshigo/.git/config\n"
[2022-09-26T00:24:36.555252135Z][docker][I] time="2022-09-26T00:24:36Z" level=info msg="injected MODIFY event (ts: 1664151876520829000) on /host_mnt<HOME>/projects/homework/rails/itoshigo/.git/config\n"
[2022-09-26T00:24:36.555998927Z][docker][I] time="2022-09-26T00:24:36Z" level=error msg="injecting event Timestamp:1664151876520831000  On:File  Action:Removed  Path:\"\"  Path:\"Users\"  Path:\"<USER>\"  Path:\"projects\"  Path:\"homework\"  Path:\"rails\"  Path:\"itoshigo\"  Path:\".git\"  Path:\"objects\"  Path:\"pack\"  Path:\"pack-3ce295cbb96aaa2921eb13d7d29c4608306e2210.keep\"  InjectFilesystemEvent:true  InvalidateCache:true: no such file or directory"
[2022-09-26T00:24:36.556950260Z][docker][I] time="2022-09-26T00:24:36Z" level=info msg="injected CREATE event (ts: 1664151876520835000) on /host_mnt<HOME>/projects/homework/rails/itoshigo/README.md\n"
[2022-09-26T00:24:36.557012843Z][docker][I] time="2022-09-26T00:24:36Z" level=info msg="injected MODIFY event (ts: 1664151876520839000) on /host_mnt<HOME>/projects/homework/rails/itoshigo/README.md\n"
[2022-09-26T00:24:36.557503968Z][docker][I] time="2022-09-26T00:24:36Z" level=error msg="injecting event Timestamp:1664151876520841000  On:File  Action:Created  Path:\"\"  Path:\"Users\"  Path:\"<USER>\"  Path:\"projects\"  Path:\"homework\"  Path:\"rails\"  Path:\"itoshigo\"  Path:\".git\"  Path:\"index.lock\"  InjectFilesystemEvent:true  InvalidateCache:true: no such file or directory"
[2022-09-26T00:24:36.558625468Z][docker][I] time="2022-09-26T00:24:36Z" level=error msg="injecting event Timestamp:1664151876520843000  On:File  Action:Removed  Path:\"\"  Path:\"Users\"  Path:\"<USER>\"  Path:\"projects\"  Path:\"homework\"  Path:\"rails\"  Path:\"itoshigo\"  Path:\".git\"  Path:\"index.lock\"  InjectFilesystemEvent:true  InvalidateCache:true: no such file or directory"
[2022-09-26T00:24:36.559280760Z][docker][I] time="2022-09-26T00:24:36Z" level=error msg="injecting event Timestamp:1664151876520844000  On:File  Action:ChangeContents  Path:\"\"  Path:\"Users\"  Path:\"<USER>\"  Path:\"projects\"  Path:\"homework\"  Path:\"rails\"  Path:\"itoshigo\"  Path:\".git\"  Path:\"index.lock\"  InjectFilesystemEvent:true  InvalidateCache:true: no such file or directory"
[2022-09-26T00:24:36.560121218Z][docker][I] time="2022-09-26T00:24:36Z" level=info msg="injected CREATE event (ts: 1664151876520846000) on /host_mnt<HOME>/projects/homework/rails/itoshigo/.git/index\n"
[2022-09-26T00:24:36.560129177Z][docker][I] time="2022-09-26T00:24:36Z" level=info msg="injected MODIFY event (ts: 1664151876520849000) on /host_mnt<HOME>/projects/homework/rails/itoshigo/.git/index\n"
[2022-09-26T00:29:59.878702465Z][docker][I] time="2022-09-26T00:29:59Z" level=error msg="injecting event Timestamp:1664152199867929000  On:File  Action:Created  Path:\"\"  Path:\"Users\"  Path:\"<USER>\"  Path:\"projects\"  Path:\"homework\"  Path:\"rails\"  Path:\"itoshigo\"  Path:\".docker-compose.yml.swx\"  InjectFilesystemEvent:true  InvalidateCache:true: no such file or directory"
[2022-09-26T00:29:59.881498424Z][docker][I] time="2022-09-26T00:29:59Z" level=error msg="injecting event Timestamp:1664152199867970000  On:File  Action:Removed  Path:\"\"  Path:\"Users\"  Path:\"<USER>\"  Path:\"projects\"  Path:\"homework\"  Path:\"rails\"  Path:\"itoshigo\"  Path:\".docker-compose.yml.swx\"  InjectFilesystemEvent:true  InvalidateCache:true: no such file or directory"
[2022-09-26T00:29:59.884507340Z][docker][I] time="2022-09-26T00:29:59Z" level=info msg="injected CREATE event (ts: 1664152199867980000) on /host_mnt<HOME>/projects/homework/rails/itoshigo/.docker-compose.yml.swp\n"
[2022-09-26T00:29:59.888648340Z][docker][I] time="2022-09-26T00:29:59Z" level=info msg="injected UNLINK event (ts: 1664152199868001000) on /host_mnt<HOME>/projects/homework/rails/itoshigo/.docker-compose.yml.swp\n"
[2022-09-26T00:29:59.892900882Z][docker][I] time="2022-09-26T00:29:59Z" level=info msg="injected CREATE event (ts: 1664152199868006000) on /host_mnt<HOME>/projects/homework/rails/itoshigo/.docker-compose.yml.swp\n"
[2022-09-26T00:31:23.870167712Z][docker][I] time="2022-09-26T00:31:23Z" level=info msg="injected MODIFY event (ts: 1664152283857760000) on /host_mnt<HOME>/projects/homework/rails/itoshigo/.docker-compose.yml.swp\n"
[2022-09-26T00:33:51.905436336Z][docker][I] time="2022-09-26T00:33:51Z" level=info msg="injected UNLINK event (ts: 1664152431900031000) on /host_mnt<HOME>/projects/homework/rails/itoshigo\n"
[2022-09-26T00:33:51.911071086Z][docker][I] time="2022-09-26T00:33:51Z" level=error msg="injecting event Timestamp:1664152431900065000  On:File  Action:ChangeContents  Path:\"\"  Path:\"Users\"  Path:\"<USER>\"  Path:\"projects\"  Path:\"homework\"  Path:\"rails\"  Path:\"itoshigo\"  InjectFilesystemEvent:true  InvalidateCache:true: no such file or directory"
[2022-09-26T00:33:56.899167214Z][docker][I] time="2022-09-26T00:33:56Z" level=info msg="injected ATTRIB event (ts: 1664152436892817000) on /host_mnt<HOME>/projects/homework/rails/.DS_Store\n"
[2022-09-26T00:33:56.901385880Z][docker][I] time="2022-09-26T00:33:56Z" level=info msg="injected MODIFY event (ts: 1664152436892859000) on /host_mnt<HOME>/projects/homework/rails/.DS_Store\n"
